{"numTotalTestSuites":2,"numPassedTestSuites":2,"numFailedTestSuites":0,"numPendingTestSuites":0,"numTotalTests":1,"numPassedTests":1,"numFailedTests":0,"numPendingTests":0,"numTodoTests":0,"snapshot":{"added":0,"failure":false,"filesAdded":0,"filesRemoved":0,"filesRemovedList":[],"filesUnmatched":0,"filesUpdated":0,"matched":0,"total":0,"unchecked":0,"uncheckedKeysByFile":[],"unmatched":0,"updated":0,"didUpdate":false},"startTime":1785905239738,"success":true,"testResults":[{"assertionResults":[{"ancestorTitles":["normalizeReturnsForChart"],"fullName":"normalizeReturnsForChart sorts, deduplicates, and ignores malformed timing data for chart rendering","status":"passed","title":"sorts, deduplicates, and ignores malformed timing data for chart rendering","duration":96.40599999999904,"failureMessages":[],"meta":{}}],"startTime":1785905270590,"endTime":1785905270686.406,"status":"passed","message":"","name":"C:/Users/SHARJAH LAPTOPS/Downloads/Projects/WealthVault Pro/src/lib/indicators.test.ts"}]}